[0.281s] [34mcolcon[0m [1;30mDEBUG[0m [32mCommand line arguments: ['/usr/bin/colcon', 'build', '--packages-select', 'guided_navigation'][0m
[0.281s] [34mcolcon[0m [1;30mDEBUG[0m [32mParsed command line arguments: Namespace(log_base=None, log_level=None, verb_name='build', build_base='build', install_base='install', merge_install=False, symlink_install=False, test_result_base=None, continue_on_error=False, executor='parallel', parallel_workers=16, event_handlers=None, ignore_user_meta=False, metas=['./colcon.meta'], base_paths=['.'], packages_ignore=None, packages_ignore_regex=None, paths=None, packages_up_to=None, packages_up_to_regex=None, packages_above=None, packages_above_and_dependencies=None, packages_above_depth=None, packages_select_by_dep=None, packages_skip_by_dep=None, packages_skip_up_to=None, packages_select_build_failed=False, packages_skip_build_finished=False, packages_select_test_failures=False, packages_skip_test_passed=False, packages_select=['guided_navigation'], packages_skip=None, packages_select_regex=None, packages_skip_regex=None, packages_start=None, packages_end=None, allow_overriding=[], cmake_args=None, cmake_target=None, cmake_target_skip_unavailable=False, cmake_clean_cache=False, cmake_clean_first=False, cmake_force_configure=False, ament_cmake_args=None, catkin_cmake_args=None, catkin_skip_building_tests=False, mixin_files=None, mixin=None, verb_parser=<colcon_mixin.mixin.mixin_argument.MixinArgumentDecorator object at 0x7b9f61033130>, verb_extension=<colcon_core.verb.build.BuildVerb object at 0x7b9f6110be80>, main=<bound method BuildVerb.main of <colcon_core.verb.build.BuildVerb object at 0x7b9f6110be80>>, mixin_verb=('build',))[0m
[0.418s] [34mcolcon.colcon_core.package_discovery[0m [1;30mLevel 1[0m discover_packages(colcon_meta) check parameters
[0.418s] [34mcolcon.colcon_core.package_discovery[0m [1;30mLevel 1[0m discover_packages(recursive) check parameters
[0.418s] [34mcolcon.colcon_core.package_discovery[0m [1;30mLevel 1[0m discover_packages(ignore) check parameters
[0.418s] [34mcolcon.colcon_core.package_discovery[0m [1;30mLevel 1[0m discover_packages(path) check parameters
[0.418s] [34mcolcon.colcon_core.package_discovery[0m [1;30mLevel 1[0m discover_packages(colcon_meta) discover
[0.418s] [34mcolcon.colcon_core.package_discovery[0m [1;30mLevel 1[0m discover_packages(recursive) discover
[0.418s] [34mcolcon.colcon_core.package_discovery[0m [1;30mINFO[0m Crawling recursively for packages in '/home/gdaniel/ros2_ws/src/guided_navigation'
[0.418s] [34mcolcon.colcon_core.package_identification[0m [1;30mLevel 1[0m _identify(.) by extensions ['ignore', 'ignore_ament_install']
[0.418s] [34mcolcon.colcon_core.package_identification[0m [1;30mLevel 1[0m _identify(.) by extension 'ignore'
[0.418s] [34mcolcon.colcon_core.package_identification[0m [1;30mLevel 1[0m _identify(.) by extension 'ignore_ament_install'
[0.418s] [34mcolcon.colcon_core.package_identification[0m [1;30mLevel 1[0m _identify(.) by extensions ['colcon_pkg']
[0.418s] [34mcolcon.colcon_core.package_identification[0m [1;30mLevel 1[0m _identify(.) by extension 'colcon_pkg'
[0.419s] [34mcolcon.colcon_core.package_identification[0m [1;30mLevel 1[0m _identify(.) by extensions ['colcon_meta']
[0.419s] [34mcolcon.colcon_core.package_identification[0m [1;30mLevel 1[0m _identify(.) by extension 'colcon_meta'
[0.419s] [34mcolcon.colcon_core.package_identification[0m [1;30mLevel 1[0m _identify(.) by extensions ['ros']
[0.419s] [34mcolcon.colcon_core.package_identification[0m [1;30mLevel 1[0m _identify(.) by extension 'ros'
[0.464s] [34mcolcon.colcon_core.package_identification[0m [1;30mDEBUG[0m [32mPackage '.' with type 'ros.ament_python' and name 'guided_navigation'[0m
[0.465s] [34mcolcon.colcon_core.package_discovery[0m [1;30mLevel 1[0m discover_packages(recursive) using defaults
[0.465s] [34mcolcon.colcon_core.package_discovery[0m [1;30mLevel 1[0m discover_packages(ignore) discover
[0.465s] [34mcolcon.colcon_core.package_discovery[0m [1;30mLevel 1[0m discover_packages(ignore) using defaults
[0.465s] [34mcolcon.colcon_core.package_discovery[0m [1;30mLevel 1[0m discover_packages(path) discover
[0.465s] [34mcolcon.colcon_core.package_discovery[0m [1;30mLevel 1[0m discover_packages(path) using defaults
[0.495s] [34mcolcon.colcon_core.package_discovery[0m [1;30mLevel 1[0m discover_packages(prefix_path) check parameters
[0.495s] [34mcolcon.colcon_core.package_discovery[0m [1;30mLevel 1[0m discover_packages(prefix_path) discover
[0.522s] [34mcolcon.colcon_installed_package_information.package_discovery[0m [1;30mDEBUG[0m [32mFound 309 installed packages in /opt/ros/humble[0m
[0.524s] [34mcolcon.colcon_core.package_discovery[0m [1;30mLevel 1[0m discover_packages(prefix_path) using defaults
[0.576s] [34mcolcon.colcon_core.verb[0m [1;30mLevel 5[0m set package 'guided_navigation' build argument 'cmake_args' from command line to 'None'
[0.576s] [34mcolcon.colcon_core.verb[0m [1;30mLevel 5[0m set package 'guided_navigation' build argument 'cmake_target' from command line to 'None'
[0.576s] [34mcolcon.colcon_core.verb[0m [1;30mLevel 5[0m set package 'guided_navigation' build argument 'cmake_target_skip_unavailable' from command line to 'False'
[0.576s] [34mcolcon.colcon_core.verb[0m [1;30mLevel 5[0m set package 'guided_navigation' build argument 'cmake_clean_cache' from command line to 'False'
[0.576s] [34mcolcon.colcon_core.verb[0m [1;30mLevel 5[0m set package 'guided_navigation' build argument 'cmake_clean_first' from command line to 'False'
[0.576s] [34mcolcon.colcon_core.verb[0m [1;30mLevel 5[0m set package 'guided_navigation' build argument 'cmake_force_configure' from command line to 'False'
[0.576s] [34mcolcon.colcon_core.verb[0m [1;30mLevel 5[0m set package 'guided_navigation' build argument 'ament_cmake_args' from command line to 'None'
[0.576s] [34mcolcon.colcon_core.verb[0m [1;30mLevel 5[0m set package 'guided_navigation' build argument 'catkin_cmake_args' from command line to 'None'
[0.576s] [34mcolcon.colcon_core.verb[0m [1;30mLevel 5[0m set package 'guided_navigation' build argument 'catkin_skip_building_tests' from command line to 'False'
[0.576s] [34mcolcon.colcon_core.verb[0m [1;30mDEBUG[0m [32mBuilding package 'guided_navigation' with the following arguments: {'ament_cmake_args': None, 'build_base': '/home/gdaniel/ros2_ws/src/guided_navigation/build/guided_navigation', 'catkin_cmake_args': None, 'catkin_skip_building_tests': False, 'cmake_args': None, 'cmake_clean_cache': False, 'cmake_clean_first': False, 'cmake_force_configure': False, 'cmake_target': None, 'cmake_target_skip_unavailable': False, 'install_base': '/home/gdaniel/ros2_ws/src/guided_navigation/install/guided_navigation', 'merge_install': False, 'path': '/home/gdaniel/ros2_ws/src/guided_navigation', 'symlink_install': False, 'test_result_base': None}[0m
[0.576s] [34mcolcon.colcon_core.executor[0m [1;30mINFO[0m Executing jobs using 'parallel' executor
[0.578s] [34mcolcon.colcon_parallel_executor.executor.parallel[0m [1;30mDEBUG[0m [32mrun_until_complete[0m
[0.578s] [34mcolcon.colcon_ros.task.ament_python.build[0m [1;30mINFO[0m Building ROS package in '/home/gdaniel/ros2_ws/src/guided_navigation' with build type 'ament_python'
[0.578s] [34mcolcon.colcon_core.shell[0m [1;30mLevel 1[0m create_environment_hook('guided_navigation', 'ament_prefix_path')
[0.582s] [34mcolcon.colcon_core.plugin_system[0m [1;30mINFO[0m Skipping extension 'colcon_core.shell.bat': Not used on non-Windows systems
[0.582s] [34mcolcon.colcon_core.shell[0m [1;30mINFO[0m Creating environment hook '/home/gdaniel/ros2_ws/src/guided_navigation/install/guided_navigation/share/guided_navigation/hook/ament_prefix_path.ps1'
[0.583s] [34mcolcon.colcon_core.shell[0m [1;30mINFO[0m Creating environment descriptor '/home/gdaniel/ros2_ws/src/guided_navigation/install/guided_navigation/share/guided_navigation/hook/ament_prefix_path.dsv'
[0.583s] [34mcolcon.colcon_core.shell[0m [1;30mINFO[0m Creating environment hook '/home/gdaniel/ros2_ws/src/guided_navigation/install/guided_navigation/share/guided_navigation/hook/ament_prefix_path.sh'
[0.583s] [34mcolcon.colcon_core.shell[0m [1;30mINFO[0m Skip shell extension 'powershell' for command environment: Not usable outside of PowerShell
[0.583s] [34mcolcon.colcon_core.shell[0m [1;30mDEBUG[0m [32mSkip shell extension 'dsv' for command environment[0m
[0.789s] [34mcolcon.colcon_core.task.python.build[0m [1;30mINFO[0m Building Python package in '/home/gdaniel/ros2_ws/src/guided_navigation'
[0.789s] [34mcolcon.colcon_core.shell[0m [1;30mINFO[0m Skip shell extension 'powershell' for command environment: Not usable outside of PowerShell
[0.789s] [34mcolcon.colcon_core.shell[0m [1;30mDEBUG[0m [32mSkip shell extension 'dsv' for command environment[0m
[3.754s] [34mcolcon.colcon_core.event_handler.log_command[0m [1;30mDEBUG[0m [32mInvoking command in '/home/gdaniel/ros2_ws/src/guided_navigation': PYTHONPATH=/home/gdaniel/ros2_ws/src/guided_navigation/build/guided_navigation/prefix_override:/usr/lib/python3/dist-packages/colcon_core/task/python/colcon_distutils_commands:/home/gdaniel/ros2_ws/src/guided_navigation/install/guided_navigation/lib/python3.10/site-packages:${PYTHONPATH} /usr/bin/python3 -W ignore:setup.py install is deprecated setup.py egg_info --egg-base build/guided_navigation build --build-base /home/gdaniel/ros2_ws/src/guided_navigation/build/guided_navigation/build install --record /home/gdaniel/ros2_ws/src/guided_navigation/build/guided_navigation/install.log --single-version-externally-managed install_data[0m
[4.354s] [34mcolcon.colcon_core.event_handler.log_command[0m [1;30mDEBUG[0m [32mInvoked command in '/home/gdaniel/ros2_ws/src/guided_navigation' returned '0': PYTHONPATH=/home/gdaniel/ros2_ws/src/guided_navigation/build/guided_navigation/prefix_override:/usr/lib/python3/dist-packages/colcon_core/task/python/colcon_distutils_commands:/home/gdaniel/ros2_ws/src/guided_navigation/install/guided_navigation/lib/python3.10/site-packages:${PYTHONPATH} /usr/bin/python3 -W ignore:setup.py install is deprecated setup.py egg_info --egg-base build/guided_navigation build --build-base /home/gdaniel/ros2_ws/src/guided_navigation/build/guided_navigation/build install --record /home/gdaniel/ros2_ws/src/guided_navigation/build/guided_navigation/install.log --single-version-externally-managed install_data[0m
[4.364s] [34mcolcon.colcon_core.environment[0m [1;30mLevel 1[0m checking '/home/gdaniel/ros2_ws/src/guided_navigation/install/guided_navigation' for CMake module files
[4.365s] [34mcolcon.colcon_core.environment[0m [1;30mLevel 1[0m checking '/home/gdaniel/ros2_ws/src/guided_navigation/install/guided_navigation' for CMake config files
[4.366s] [34mcolcon.colcon_core.environment[0m [1;30mLevel 1[0m checking '/home/gdaniel/ros2_ws/src/guided_navigation/install/guided_navigation/lib'
[4.366s] [34mcolcon.colcon_core.environment[0m [1;30mLevel 1[0m checking '/home/gdaniel/ros2_ws/src/guided_navigation/install/guided_navigation/bin'
[4.366s] [34mcolcon.colcon_core.environment[0m [1;30mLevel 1[0m checking '/home/gdaniel/ros2_ws/src/guided_navigation/install/guided_navigation/lib/pkgconfig/guided_navigation.pc'
[4.366s] [34mcolcon.colcon_core.environment[0m [1;30mLevel 1[0m checking '/home/gdaniel/ros2_ws/src/guided_navigation/install/guided_navigation/lib/python3.10/site-packages'
[4.366s] [34mcolcon.colcon_core.shell[0m [1;30mLevel 1[0m create_environment_hook('guided_navigation', 'pythonpath')
[4.367s] [34mcolcon.colcon_core.shell[0m [1;30mINFO[0m Creating environment hook '/home/gdaniel/ros2_ws/src/guided_navigation/install/guided_navigation/share/guided_navigation/hook/pythonpath.ps1'
[4.367s] [34mcolcon.colcon_core.shell[0m [1;30mINFO[0m Creating environment descriptor '/home/gdaniel/ros2_ws/src/guided_navigation/install/guided_navigation/share/guided_navigation/hook/pythonpath.dsv'
[4.367s] [34mcolcon.colcon_core.shell[0m [1;30mINFO[0m Creating environment hook '/home/gdaniel/ros2_ws/src/guided_navigation/install/guided_navigation/share/guided_navigation/hook/pythonpath.sh'
[4.368s] [34mcolcon.colcon_core.environment[0m [1;30mLevel 1[0m checking '/home/gdaniel/ros2_ws/src/guided_navigation/install/guided_navigation/bin'
[4.368s] [34mcolcon.colcon_core.environment[0m [1;30mLevel 1[0m create_environment_scripts_only(guided_navigation)
[4.368s] [34mcolcon.colcon_core.shell[0m [1;30mINFO[0m Creating package script '/home/gdaniel/ros2_ws/src/guided_navigation/install/guided_navigation/share/guided_navigation/package.ps1'
[4.369s] [34mcolcon.colcon_core.shell[0m [1;30mINFO[0m Creating package descriptor '/home/gdaniel/ros2_ws/src/guided_navigation/install/guided_navigation/share/guided_navigation/package.dsv'
[4.369s] [34mcolcon.colcon_core.shell[0m [1;30mINFO[0m Creating package script '/home/gdaniel/ros2_ws/src/guided_navigation/install/guided_navigation/share/guided_navigation/package.sh'
[4.370s] [34mcolcon.colcon_core.shell[0m [1;30mINFO[0m Creating package script '/home/gdaniel/ros2_ws/src/guided_navigation/install/guided_navigation/share/guided_navigation/package.bash'
[4.371s] [34mcolcon.colcon_core.shell[0m [1;30mINFO[0m Creating package script '/home/gdaniel/ros2_ws/src/guided_navigation/install/guided_navigation/share/guided_navigation/package.zsh'
[4.371s] [34mcolcon.colcon_core.environment[0m [1;30mLevel 1[0m create_file_with_runtime_dependencies(/home/gdaniel/ros2_ws/src/guided_navigation/install/guided_navigation/share/colcon-core/packages/guided_navigation)
[4.371s] [34mcolcon.colcon_parallel_executor.executor.parallel[0m [1;30mDEBUG[0m [32mclosing loop[0m
[4.372s] [34mcolcon.colcon_parallel_executor.executor.parallel[0m [1;30mDEBUG[0m [32mloop closed[0m
[4.372s] [34mcolcon.colcon_parallel_executor.executor.parallel[0m [1;30mDEBUG[0m [32mrun_until_complete finished with '0'[0m
[4.372s] [34mcolcon.colcon_core.event_reactor[0m [1;30mDEBUG[0m [32mjoining thread[0m
[4.389s] [34mcolcon.colcon_core.plugin_system[0m [1;30mINFO[0m Skipping extension 'colcon_notification.desktop_notification.terminal_notifier': Not used on non-Darwin systems
[4.389s] [34mcolcon.colcon_core.plugin_system[0m [1;30mINFO[0m Skipping extension 'colcon_notification.desktop_notification.win32': Not used on non-Windows systems
[4.389s] [34mcolcon.colcon_notification.desktop_notification[0m [1;30mINFO[0m Sending desktop notification using 'notify2'
[4.405s] [34mcolcon.colcon_core.event_reactor[0m [1;30mDEBUG[0m [32mjoined thread[0m
[4.405s] [34mcolcon.colcon_core.shell[0m [1;30mINFO[0m Creating prefix script '/home/gdaniel/ros2_ws/src/guided_navigation/install/local_setup.ps1'
[4.406s] [34mcolcon.colcon_core.shell[0m [1;30mINFO[0m Creating prefix util module '/home/gdaniel/ros2_ws/src/guided_navigation/install/_local_setup_util_ps1.py'
[4.407s] [34mcolcon.colcon_core.shell[0m [1;30mINFO[0m Creating prefix chain script '/home/gdaniel/ros2_ws/src/guided_navigation/install/setup.ps1'
[4.408s] [34mcolcon.colcon_core.shell[0m [1;30mINFO[0m Creating prefix script '/home/gdaniel/ros2_ws/src/guided_navigation/install/local_setup.sh'
[4.409s] [34mcolcon.colcon_core.shell[0m [1;30mINFO[0m Creating prefix util module '/home/gdaniel/ros2_ws/src/guided_navigation/install/_local_setup_util_sh.py'
[4.409s] [34mcolcon.colcon_core.shell[0m [1;30mINFO[0m Creating prefix chain script '/home/gdaniel/ros2_ws/src/guided_navigation/install/setup.sh'
[4.410s] [34mcolcon.colcon_core.shell[0m [1;30mINFO[0m Creating prefix script '/home/gdaniel/ros2_ws/src/guided_navigation/install/local_setup.bash'
[4.410s] [34mcolcon.colcon_core.shell[0m [1;30mINFO[0m Creating prefix chain script '/home/gdaniel/ros2_ws/src/guided_navigation/install/setup.bash'
[4.411s] [34mcolcon.colcon_core.shell[0m [1;30mINFO[0m Creating prefix script '/home/gdaniel/ros2_ws/src/guided_navigation/install/local_setup.zsh'
[4.411s] [34mcolcon.colcon_core.shell[0m [1;30mINFO[0m Creating prefix chain script '/home/gdaniel/ros2_ws/src/guided_navigation/install/setup.zsh'
