running egg_info
creating build/guided_navigation/guided_navigation.egg-info
writing build/guided_navigation/guided_navigation.egg-info/PKG-INFO
writing dependency_links to build/guided_navigation/guided_navigation.egg-info/dependency_links.txt
writing entry points to build/guided_navigation/guided_navigation.egg-info/entry_points.txt
writing requirements to build/guided_navigation/guided_navigation.egg-info/requires.txt
writing top-level names to build/guided_navigation/guided_navigation.egg-info/top_level.txt
writing manifest file 'build/guided_navigation/guided_navigation.egg-info/SOURCES.txt'
reading manifest file 'build/guided_navigation/guided_navigation.egg-info/SOURCES.txt'
adding license file 'LICENSE'
writing manifest file 'build/guided_navigation/guided_navigation.egg-info/SOURCES.txt'
running build
running build_py
creating /home/gdaniel/ros2_ws/src/guided_navigation/build/guided_navigation/build
creating /home/gdaniel/ros2_ws/src/guided_navigation/build/guided_navigation/build/lib
creating /home/gdaniel/ros2_ws/src/guided_navigation/build/guided_navigation/build/lib/scripts
copying scripts/__init__.py -> /home/gdaniel/ros2_ws/src/guided_navigation/build/guided_navigation/build/lib/scripts
copying scripts/multi_camera_subscriber.py -> /home/gdaniel/ros2_ws/src/guided_navigation/build/guided_navigation/build/lib/scripts
running install
running install_lib
creating /home/gdaniel/ros2_ws/src/guided_navigation/install/guided_navigation/lib/python3.10/site-packages/scripts
copying /home/gdaniel/ros2_ws/src/guided_navigation/build/guided_navigation/build/lib/scripts/__init__.py -> /home/gdaniel/ros2_ws/src/guided_navigation/install/guided_navigation/lib/python3.10/site-packages/scripts
copying /home/gdaniel/ros2_ws/src/guided_navigation/build/guided_navigation/build/lib/scripts/multi_camera_subscriber.py -> /home/gdaniel/ros2_ws/src/guided_navigation/install/guided_navigation/lib/python3.10/site-packages/scripts
byte-compiling /home/gdaniel/ros2_ws/src/guided_navigation/install/guided_navigation/lib/python3.10/site-packages/scripts/__init__.py to __init__.cpython-310.pyc
byte-compiling /home/gdaniel/ros2_ws/src/guided_navigation/install/guided_navigation/lib/python3.10/site-packages/scripts/multi_camera_subscriber.py to multi_camera_subscriber.cpython-310.pyc
running install_data
creating /home/gdaniel/ros2_ws/src/guided_navigation/install/guided_navigation/share/ament_index
creating /home/gdaniel/ros2_ws/src/guided_navigation/install/guided_navigation/share/ament_index/resource_index
creating /home/gdaniel/ros2_ws/src/guided_navigation/install/guided_navigation/share/ament_index/resource_index/packages
copying resource/guided_navigation -> /home/gdaniel/ros2_ws/src/guided_navigation/install/guided_navigation/share/ament_index/resource_index/packages
copying package.xml -> /home/gdaniel/ros2_ws/src/guided_navigation/install/guided_navigation/share/guided_navigation
running install_egg_info
Copying build/guided_navigation/guided_navigation.egg-info to /home/gdaniel/ros2_ws/src/guided_navigation/install/guided_navigation/lib/python3.10/site-packages/guided_navigation-0.0.0-py3.10.egg-info
running install_scripts
Installing multi_camera script to /home/gdaniel/ros2_ws/src/guided_navigation/install/guided_navigation/lib/guided_navigation
writing list of installed files to '/home/gdaniel/ros2_ws/src/guided_navigation/build/guided_navigation/install.log'
