[3.176s] Invoking command in '/home/gdaniel/ros2_ws/src/guided_navigation': PYTHONPATH=/home/gdaniel/ros2_ws/src/guided_navigation/build/guided_navigation/prefix_override:/usr/lib/python3/dist-packages/colcon_core/task/python/colcon_distutils_commands:/home/gdaniel/ros2_ws/src/guided_navigation/install/guided_navigation/lib/python3.10/site-packages:${PYTHONPATH} /usr/bin/python3 -W ignore:setup.py install is deprecated setup.py egg_info --egg-base build/guided_navigation build --build-base /home/gdaniel/ros2_ws/src/guided_navigation/build/guided_navigation/build install --record /home/gdaniel/ros2_ws/src/guided_navigation/build/guided_navigation/install.log --single-version-externally-managed install_data
[3.329s] /home/gdaniel/.local/lib/python3.10/site-packages/setuptools/_distutils/dist.py:268: UserWarning: Unknown distribution option: 'tests_require'
[3.329s]   warnings.warn(msg)
[3.449s] running egg_info
[3.450s] creating build/guided_navigation/guided_navigation.egg-info
[3.469s] writing build/guided_navigation/guided_navigation.egg-info/PKG-INFO
[3.470s] writing dependency_links to build/guided_navigation/guided_navigation.egg-info/dependency_links.txt
[3.470s] writing entry points to build/guided_navigation/guided_navigation.egg-info/entry_points.txt
[3.470s] writing requirements to build/guided_navigation/guided_navigation.egg-info/requires.txt
[3.470s] writing top-level names to build/guided_navigation/guided_navigation.egg-info/top_level.txt
[3.470s] writing manifest file 'build/guided_navigation/guided_navigation.egg-info/SOURCES.txt'
[3.526s] reading manifest file 'build/guided_navigation/guided_navigation.egg-info/SOURCES.txt'
[3.526s] adding license file 'LICENSE'
[3.527s] writing manifest file 'build/guided_navigation/guided_navigation.egg-info/SOURCES.txt'
[3.527s] running build
[3.527s] running build_py
[3.527s] creating /home/gdaniel/ros2_ws/src/guided_navigation/build/guided_navigation/build
[3.527s] creating /home/gdaniel/ros2_ws/src/guided_navigation/build/guided_navigation/build/lib
[3.528s] creating /home/gdaniel/ros2_ws/src/guided_navigation/build/guided_navigation/build/lib/scripts
[3.528s] copying scripts/__init__.py -> /home/gdaniel/ros2_ws/src/guided_navigation/build/guided_navigation/build/lib/scripts
[3.528s] copying scripts/multi_camera_subscriber.py -> /home/gdaniel/ros2_ws/src/guided_navigation/build/guided_navigation/build/lib/scripts
[3.528s] running install
[3.532s] running install_lib
[3.552s] creating /home/gdaniel/ros2_ws/src/guided_navigation/install/guided_navigation/lib/python3.10/site-packages/scripts
[3.552s] copying /home/gdaniel/ros2_ws/src/guided_navigation/build/guided_navigation/build/lib/scripts/__init__.py -> /home/gdaniel/ros2_ws/src/guided_navigation/install/guided_navigation/lib/python3.10/site-packages/scripts
[3.552s] copying /home/gdaniel/ros2_ws/src/guided_navigation/build/guided_navigation/build/lib/scripts/multi_camera_subscriber.py -> /home/gdaniel/ros2_ws/src/guided_navigation/install/guided_navigation/lib/python3.10/site-packages/scripts
[3.552s] byte-compiling /home/gdaniel/ros2_ws/src/guided_navigation/install/guided_navigation/lib/python3.10/site-packages/scripts/__init__.py to __init__.cpython-310.pyc
[3.552s] byte-compiling /home/gdaniel/ros2_ws/src/guided_navigation/install/guided_navigation/lib/python3.10/site-packages/scripts/multi_camera_subscriber.py to multi_camera_subscriber.cpython-310.pyc
[3.553s] running install_data
[3.553s] creating /home/gdaniel/ros2_ws/src/guided_navigation/install/guided_navigation/share/ament_index
[3.553s] creating /home/gdaniel/ros2_ws/src/guided_navigation/install/guided_navigation/share/ament_index/resource_index
[3.554s] creating /home/gdaniel/ros2_ws/src/guided_navigation/install/guided_navigation/share/ament_index/resource_index/packages
[3.554s] copying resource/guided_navigation -> /home/gdaniel/ros2_ws/src/guided_navigation/install/guided_navigation/share/ament_index/resource_index/packages
[3.554s] copying package.xml -> /home/gdaniel/ros2_ws/src/guided_navigation/install/guided_navigation/share/guided_navigation
[3.554s] running install_egg_info
[3.574s] Copying build/guided_navigation/guided_navigation.egg-info to /home/gdaniel/ros2_ws/src/guided_navigation/install/guided_navigation/lib/python3.10/site-packages/guided_navigation-0.0.0-py3.10.egg-info
[3.592s] running install_scripts
[3.747s] Installing multi_camera script to /home/gdaniel/ros2_ws/src/guided_navigation/install/guided_navigation/lib/guided_navigation
[3.748s] writing list of installed files to '/home/gdaniel/ros2_ws/src/guided_navigation/build/guided_navigation/install.log'
[3.775s] Invoked command in '/home/gdaniel/ros2_ws/src/guided_navigation' returned '0': PYTHONPATH=/home/gdaniel/ros2_ws/src/guided_navigation/build/guided_navigation/prefix_override:/usr/lib/python3/dist-packages/colcon_core/task/python/colcon_distutils_commands:/home/gdaniel/ros2_ws/src/guided_navigation/install/guided_navigation/lib/python3.10/site-packages:${PYTHONPATH} /usr/bin/python3 -W ignore:setup.py install is deprecated setup.py egg_info --egg-base build/guided_navigation build --build-base /home/gdaniel/ros2_ws/src/guided_navigation/build/guided_navigation/build install --record /home/gdaniel/ros2_ws/src/guided_navigation/build/guided_navigation/install.log --single-version-externally-managed install_data
